frontend/app/build/intermediates/manifest_merge_blame_file/debug/processDebugMainManifest/manifest-merger-blame-debug-report.txt
1<?xml version="1.0" encoding="utf-8"?>
2<manifest xmlns:android="http://schemas.android.com/apk/res/android"
3    package="com.example.geminichatbot"
4    android:versionCode="1"
5    android:versionName="1.0" >
6
7    <uses-sdk
8        android:minSdkVersion="26"
9        android:targetSdkVersion="34" />
10
11    <uses-permission android:name="android.permission.INTERNET" />
11-->src\main\AndroidManifest.xml:5:5-67
11-->src\main\AndroidManifest.xml:5:22-64
12    <uses-permission android:name="android.permission.ACCESS_NETWORK_STATE" />
12-->src\main\AndroidManifest.xml:6:5-79
12-->src\main\AndroidManifest.xml:6:22-76
13    <uses-permission android:name="com.google.android.providers.gsf.permission.READ_GSERVICES" />
13-->[com.google.android.recaptcha:recaptcha:18.6.1] AndroidManifest.xml:9:5-98
13-->[com.google.android.recaptcha:recaptcha:18.6.1] AndroidManifest.xml:9:22-95
14
15    <permission
15-->[androidx.core:core:1.17.0] AndroidManifest.xml:22:5-24:47
16        android:name="com.example.geminichatbot.DYNAMIC_RECEIVER_NOT_EXPORTED_PERMISSION"
16-->[androidx.core:core:1.17.0] AndroidManifest.xml:23:9-81
17        android:protectionLevel="signature" />
17-->[androidx.core:core:1.17.0] AndroidManifest.xml:24:9-44
18
19    <uses-permission android:name="com.example.geminichatbot.DYNAMIC_RECEIVER_NOT_EXPORTED_PERMISSION" />
19-->[androidx.core:core:1.17.0] AndroidManifest.xml:26:5-97
19-->[androidx.core:core:1.17.0] AndroidManifest.xml:26:22-94
20
21    <application
21-->src\main\AndroidManifest.xml:8:5-31:19
22        android:allowBackup="true"
22-->src\main\AndroidManifest.xml:10:9-35
23        android:appComponentFactory="androidx.core.app.CoreComponentFactory"
23-->[androidx.core:core:1.17.0] AndroidManifest.xml:28:18-86
24        android:dataExtractionRules="@xml/data_extraction_rules"
24-->src\main\AndroidManifest.xml:11:9-65
25        android:debuggable="true"
26        android:extractNativeLibs="false"
27        android:fullBackupContent="@xml/backup_rules"
27-->src\main\AndroidManifest.xml:12:9-54
28        android:icon="@mipmap/ic_launcher"
28-->src\main\AndroidManifest.xml:13:9-43
29        android:label="@string/app_name"
29-->src\main\AndroidManifest.xml:14:9-41
30        android:networkSecurityConfig="@xml/network_security_config"
30-->src\main\AndroidManifest.xml:9:9-69
31        android:roundIcon="@mipmap/ic_launcher_round"
31-->src\main\AndroidManifest.xml:15:9-54
32        android:supportsRtl="true"
32-->src\main\AndroidManifest.xml:16:9-35
33        android:testOnly="true"
34        android:theme="@style/Theme.GeminiChatBot" >
34-->src\main\AndroidManifest.xml:17:9-51
35        <activity
35-->src\main\AndroidManifest.xml:19:9-30:20
36            android:name="com.example.geminichatbot.MainActivity"
36-->src\main\AndroidManifest.xml:20:13-41
37            android:exported="true"
37-->src\main\AndroidManifest.xml:21:13-36
38            android:label="@string/app_name"
38-->src\main\AndroidManifest.xml:22:13-45
39            android:theme="@style/Theme.GeminiChatBot"
39-->src\main\AndroidManifest.xml:24:13-55
40            android:windowSoftInputMode="adjustResize" >
40-->src\main\AndroidManifest.xml:23:13-55
41            <intent-filter>
41-->src\main\AndroidManifest.xml:25:13-29:29
42                <action android:name="android.intent.action.MAIN" />
42-->src\main\AndroidManifest.xml:26:17-69
42-->src\main\AndroidManifest.xml:26:25-66
43
44                <category android:name="android.intent.category.LAUNCHER" />
44-->src\main\AndroidManifest.xml:28:17-77
44-->src\main\AndroidManifest.xml:28:27-74
45            </intent-filter>
46        </activity>
47        <activity
47-->[com.google.firebase:firebase-auth:24.0.1] AndroidManifest.xml:29:9-46:20
48            android:name="com.google.firebase.auth.internal.GenericIdpActivity"
48-->[com.google.firebase:firebase-auth:24.0.1] AndroidManifest.xml:30:13-80
49            android:excludeFromRecents="true"
49-->[com.google.firebase:firebase-auth:24.0.1] AndroidManifest.xml:31:13-46
50            android:exported="true"
50-->[com.google.firebase:firebase-auth:24.0.1] AndroidManifest.xml:32:13-36
51            android:launchMode="singleTask"
51-->[com.google.firebase:firebase-auth:24.0.1] AndroidManifest.xml:33:13-44
52            android:theme="@android:style/Theme.Translucent.NoTitleBar" >
52-->[com.google.firebase:firebase-auth:24.0.1] AndroidManifest.xml:34:13-72
53            <intent-filter>
53-->[com.google.firebase:firebase-auth:24.0.1] AndroidManifest.xml:35:13-45:29
54                <action android:name="android.intent.action.VIEW" />
54-->[com.google.firebase:firebase-auth:24.0.1] AndroidManifest.xml:36:17-69
54-->[com.google.firebase:firebase-auth:24.0.1] AndroidManifest.xml:36:25-66
55
56                <category android:name="android.intent.category.DEFAULT" />
56-->[com.google.firebase:firebase-auth:24.0.1] AndroidManifest.xml:38:17-76
56-->[com.google.firebase:firebase-auth:24.0.1] AndroidManifest.xml:38:27-73
57                <category android:name="android.intent.category.BROWSABLE" />
57-->[com.google.firebase:firebase-auth:24.0.1] AndroidManifest.xml:39:17-78
57-->[com.google.firebase:firebase-auth:24.0.1] AndroidManifest.xml:39:27-75
58
59                <data
59-->[com.google.firebase:firebase-auth:24.0.1] AndroidManifest.xml:41:17-44:51
60                    android:host="firebase.auth"
60-->[com.google.firebase:firebase-auth:24.0.1] AndroidManifest.xml:42:21-49
61                    android:path="/"
61-->[com.google.firebase:firebase-auth:24.0.1] AndroidManifest.xml:43:21-37
62                    android:scheme="genericidp" />
62-->[com.google.firebase:firebase-auth:24.0.1] AndroidManifest.xml:44:21-48
63            </intent-filter>
64        </activity>
65        <activity
65-->[com.google.firebase:firebase-auth:24.0.1] AndroidManifest.xml:47:9-64:20
66            android:name="com.google.firebase.auth.internal.RecaptchaActivity"
66-->[com.google.firebase:firebase-auth:24.0.1] AndroidManifest.xml:48:13-79
67            android:excludeFromRecents="true"
67-->[com.google.firebase:firebase-auth:24.0.1] AndroidManifest.xml:49:13-46
68            android:exported="true"
68-->[com.google.firebase:firebase-auth:24.0.1] AndroidManifest.xml:50:13-36
69            android:launchMode="singleTask"
69-->[com.google.firebase:firebase-auth:24.0.1] AndroidManifest.xml:51:13-44
70            android:theme="@android:style/Theme.Translucent.NoTitleBar" >
70-->[com.google.firebase:firebase-auth:24.0.1] AndroidManifest.xml:52:13-72
71            <intent-filter>
71-->[com.google.firebase:firebase-auth:24.0.1] AndroidManifest.xml:53:13-63:29
72                <action android:name="android.intent.action.VIEW" />
72-->[com.google.firebase:firebase-auth:24.0.1] AndroidManifest.xml:36:17-69
72-->[com.google.firebase:firebase-auth:24.0.1] AndroidManifest.xml:36:25-66
73
74                <category android:name="android.intent.category.DEFAULT" />
74-->[com.google.firebase:firebase-auth:24.0.1] AndroidManifest.xml:38:17-76
74-->[com.google.firebase:firebase-auth:24.0.1] AndroidManifest.xml:38:27-73
75                <category android:name="android.intent.category.BROWSABLE" />
75-->[com.google.firebase:firebase-auth:24.0.1] AndroidManifest.xml:39:17-78
75-->[com.google.firebase:firebase-auth:24.0.1] AndroidManifest.xml:39:27-75
76
77                <data
77-->[com.google.firebase:firebase-auth:24.0.1] AndroidManifest.xml:41:17-44:51
78                    android:host="firebase.auth"
78-->[com.google.firebase:firebase-auth:24.0.1] AndroidManifest.xml:42:21-49
79                    android:path="/"
79-->[com.google.firebase:firebase-auth:24.0.1] AndroidManifest.xml:43:21-37
80                    android:scheme="recaptcha" />
80-->[com.google.firebase:firebase-auth:24.0.1] AndroidManifest.xml:44:21-48
81            </intent-filter>
82        </activity>
83
84        <service
84-->[com.google.firebase:firebase-auth:24.0.1] AndroidManifest.xml:66:9-72:19
85            android:name="com.google.firebase.components.ComponentDiscoveryService"
85-->[com.google.firebase:firebase-auth:24.0.1] AndroidManifest.xml:67:13-84
86            android:directBootAware="true"
86-->[com.google.firebase:firebase-common:21.0.0] AndroidManifest.xml:32:13-43
87            android:exported="false" >
87-->[com.google.firebase:firebase-auth:24.0.1] AndroidManifest.xml:68:13-37
88            <meta-data
88-->[com.google.firebase:firebase-auth:24.0.1] AndroidManifest.xml:69:13-71:85
89                android:name="com.google.firebase.components:com.google.firebase.auth.FirebaseAuthRegistrar"
89-->[com.google.firebase:firebase-auth:24.0.1] AndroidManifest.xml:70:17-109
90                android:value="com.google.firebase.components.ComponentRegistrar" />
90-->[com.google.firebase:firebase-auth:24.0.1] AndroidManifest.xml:71:17-82
91            <meta-data
91-->[com.google.firebase:firebase-common:21.0.0] AndroidManifest.xml:35:13-37:85
92                android:name="com.google.firebase.components:com.google.firebase.FirebaseCommonKtxRegistrar"
92-->[com.google.firebase:firebase-common:21.0.0] AndroidManifest.xml:36:17-109
93                android:value="com.google.firebase.components.ComponentRegistrar" />
93-->[com.google.firebase:firebase-common:21.0.0] AndroidManifest.xml:37:17-82
94        </service>
95        <service
95-->[androidx.credentials:credentials-play-services-auth:1.2.0-rc01] AndroidManifest.xml:24:9-32:19
96            android:name="androidx.credentials.playservices.CredentialProviderMetadataHolder"
96-->[androidx.credentials:credentials-play-services-auth:1.2.0-rc01] AndroidManifest.xml:25:13-94
97            android:enabled="true"
97-->[androidx.credentials:credentials-play-services-auth:1.2.0-rc01] AndroidManifest.xml:26:13-35
98            android:exported="false" >
98-->[androidx.credentials:credentials-play-services-auth:1.2.0-rc01] AndroidManifest.xml:27:13-37
99            <meta-data
99-->[androidx.credentials:credentials-play-services-auth:1.2.0-rc01] AndroidManifest.xml:29:13-31:104
100                android:name="androidx.credentials.CREDENTIAL_PROVIDER_KEY"
100-->[androidx.credentials:credentials-play-services-auth:1.2.0-rc01] AndroidManifest.xml:30:17-76
101                android:value="androidx.credentials.playservices.CredentialProviderPlayServicesImpl" />
101-->[androidx.credentials:credentials-play-services-auth:1.2.0-rc01] AndroidManifest.xml:31:17-101
102        </service>
103
104        <activity
104-->[androidx.credentials:credentials-play-services-auth:1.2.0-rc01] AndroidManifest.xml:34:9-41:20
105            android:name="androidx.credentials.playservices.HiddenActivity"
105-->[androidx.credentials:credentials-play-services-auth:1.2.0-rc01] AndroidManifest.xml:35:13-76
106            android:configChanges="orientation|screenSize|screenLayout|keyboardHidden"
106-->[androidx.credentials:credentials-play-services-auth:1.2.0-rc01] AndroidManifest.xml:36:13-87
107            android:enabled="true"
107-->[androidx.credentials:credentials-play-services-auth:1.2.0-rc01] AndroidManifest.xml:37:13-35
108            android:exported="false"
108-->[androidx.credentials:credentials-play-services-auth:1.2.0-rc01] AndroidManifest.xml:38:13-37
109            android:fitsSystemWindows="true"
109-->[androidx.credentials:credentials-play-services-auth:1.2.0-rc01] AndroidManifest.xml:39:13-45
110            android:theme="@style/Theme.Hidden" >
110-->[androidx.credentials:credentials-play-services-auth:1.2.0-rc01] AndroidManifest.xml:40:13-48
111        </activity>
112        <activity
112-->[com.google.android.gms:play-services-auth:20.7.0] AndroidManifest.xml:23:9-27:75
113            android:name="com.google.android.gms.auth.api.signin.internal.SignInHubActivity"
113-->[com.google.android.gms:play-services-auth:20.7.0] AndroidManifest.xml:24:13-93
114            android:excludeFromRecents="true"
114-->[com.google.android.gms:play-services-auth:20.7.0] AndroidManifest.xml:25:13-46
115            android:exported="false"
115-->[com.google.android.gms:play-services-auth:20.7.0] AndroidManifest.xml:26:13-37
116            android:theme="@android:style/Theme.Translucent.NoTitleBar" />
116-->[com.google.android.gms:play-services-auth:20.7.0] AndroidManifest.xml:27:13-72
117        <!--
118            Service handling Google Sign-In user revocation. For apps that do not integrate with
119            Google Sign-In, this service will never be started.
120        -->
121        <service
121-->[com.google.android.gms:play-services-auth:20.7.0] AndroidManifest.xml:33:9-37:51
122            android:name="com.google.android.gms.auth.api.signin.RevocationBoundService"
122-->[com.google.android.gms:play-services-auth:20.7.0] AndroidManifest.xml:34:13-89
123            android:exported="true"
123-->[com.google.android.gms:play-services-auth:20.7.0] AndroidManifest.xml:35:13-36
124            android:permission="com.google.android.gms.auth.api.signin.permission.REVOCATION_NOTIFICATION"
124-->[com.google.android.gms:play-services-auth:20.7.0] AndroidManifest.xml:36:13-107
125            android:visibleToInstantApps="true" />
125-->[com.google.android.gms:play-services-auth:20.7.0] AndroidManifest.xml:37:13-48
126
127        <provider
127-->[com.google.firebase:firebase-common:21.0.0] AndroidManifest.xml:23:9-28:39
128            android:name="com.google.firebase.provider.FirebaseInitProvider"
128-->[com.google.firebase:firebase-common:21.0.0] AndroidManifest.xml:24:13-77
129            android:authorities="com.example.geminichatbot.firebaseinitprovider"
129-->[com.google.firebase:firebase-common:21.0.0] AndroidManifest.xml:25:13-72
130            android:directBootAware="true"
130-->[com.google.firebase:firebase-common:21.0.0] AndroidManifest.xml:26:13-43
131            android:exported="false"
131-->[com.google.firebase:firebase-common:21.0.0] AndroidManifest.xml:27:13-37
132            android:initOrder="100" />
132-->[com.google.firebase:firebase-common:21.0.0] AndroidManifest.xml:28:13-36
133
134        <activity
134-->[com.google.android.gms:play-services-base:18.0.1] AndroidManifest.xml:20:9-22:45
135            android:name="com.google.android.gms.common.api.GoogleApiActivity"
135-->[com.google.android.gms:play-services-base:18.0.1] AndroidManifest.xml:20:19-85
136            android:exported="false"
136-->[com.google.android.gms:play-services-base:18.0.1] AndroidManifest.xml:22:19-43
137            android:theme="@android:style/Theme.Translucent.NoTitleBar" />
137-->[com.google.android.gms:play-services-base:18.0.1] AndroidManifest.xml:21:19-78
138        <activity
138-->[androidx.compose.ui:ui-tooling-android:1.9.0] AndroidManifest.xml:23:9-25:39
139            android:name="androidx.compose.ui.tooling.PreviewActivity"
139-->[androidx.compose.ui:ui-tooling-android:1.9.0] AndroidManifest.xml:24:13-71
140            android:exported="true" />
140-->[androidx.compose.ui:ui-tooling-android:1.9.0] AndroidManifest.xml:25:13-36
141        <activity
141-->[androidx.compose.ui:ui-test-manifest:1.9.0] AndroidManifest.xml:23:9-26:79
142            android:name="androidx.activity.ComponentActivity"
142-->[androidx.compose.ui:ui-test-manifest:1.9.0] AndroidManifest.xml:24:13-63
143            android:exported="true"
143-->[androidx.compose.ui:ui-test-manifest:1.9.0] AndroidManifest.xml:25:13-36
144            android:theme="@android:style/Theme.Material.Light.NoActionBar" />
144-->[androidx.compose.ui:ui-test-manifest:1.9.0] AndroidManifest.xml:26:13-76
145
146        <provider
146-->[androidx.emoji2:emoji2:1.4.0] AndroidManifest.xml:24:9-32:20
147            android:name="androidx.startup.InitializationProvider"
147-->[androidx.emoji2:emoji2:1.4.0] AndroidManifest.xml:25:13-67
148            android:authorities="com.example.geminichatbot.androidx-startup"
148-->[androidx.emoji2:emoji2:1.4.0] AndroidManifest.xml:26:13-68
149            android:exported="false" >
149-->[androidx.emoji2:emoji2:1.4.0] AndroidManifest.xml:27:13-37
150            <meta-data
150-->[androidx.emoji2:emoji2:1.4.0] AndroidManifest.xml:29:13-31:52
151                android:name="androidx.emoji2.text.EmojiCompatInitializer"
151-->[androidx.emoji2:emoji2:1.4.0] AndroidManifest.xml:30:17-75
152                android:value="androidx.startup" />
152-->[androidx.emoji2:emoji2:1.4.0] AndroidManifest.xml:31:17-49
153            <meta-data
153-->[androidx.lifecycle:lifecycle-process:2.9.3] AndroidManifest.xml:29:13-31:52
154                android:name="androidx.lifecycle.ProcessLifecycleInitializer"
154-->[androidx.lifecycle:lifecycle-process:2.9.3] AndroidManifest.xml:30:17-78
155                android:value="androidx.startup" />
155-->[androidx.lifecycle:lifecycle-process:2.9.3] AndroidManifest.xml:31:17-49
156            <meta-data
156-->[androidx.profileinstaller:profileinstaller:1.4.0] AndroidManifest.xml:29:13-31:52
157                android:name="androidx.profileinstaller.ProfileInstallerInitializer"
157-->[androidx.profileinstaller:profileinstaller:1.4.0] AndroidManifest.xml:30:17-85
158                android:value="androidx.startup" />
158-->[androidx.profileinstaller:profileinstaller:1.4.0] AndroidManifest.xml:31:17-49
159        </provider>
160
161        <receiver
161-->[androidx.profileinstaller:profileinstaller:1.4.0] AndroidManifest.xml:34:9-52:20
162            android:name="androidx.profileinstaller.ProfileInstallReceiver"
162-->[androidx.profileinstaller:profileinstaller:1.4.0] AndroidManifest.xml:35:13-76
163            android:directBootAware="false"
163-->[androidx.profileinstaller:profileinstaller:1.4.0] AndroidManifest.xml:36:13-44
164            android:enabled="true"
164-->[androidx.profileinstaller:profileinstaller:1.4.0] AndroidManifest.xml:37:13-35
165            android:exported="true"
165-->[androidx.profileinstaller:profileinstaller:1.4.0] AndroidManifest.xml:38:13-36
166            android:permission="android.permission.DUMP" >
166-->[androidx.profileinstaller:profileinstaller:1.4.0] AndroidManifest.xml:39:13-57
167            <intent-filter>
167-->[androidx.profileinstaller:profileinstaller:1.4.0] AndroidManifest.xml:40:13-42:29
168                <action android:name="androidx.profileinstaller.action.INSTALL_PROFILE" />
168-->[androidx.profileinstaller:profileinstaller:1.4.0] AndroidManifest.xml:41:17-91
168-->[androidx.profileinstaller:profileinstaller:1.4.0] AndroidManifest.xml:41:25-88
169            </intent-filter>
170            <intent-filter>
170-->[androidx.profileinstaller:profileinstaller:1.4.0] AndroidManifest.xml:43:13-45:29
171                <action android:name="androidx.profileinstaller.action.SKIP_FILE" />
171-->[androidx.profileinstaller:profileinstaller:1.4.0] AndroidManifest.xml:44:17-85
171-->[androidx.profileinstaller:profileinstaller:1.4.0] AndroidManifest.xml:44:25-82
172            </intent-filter>
173            <intent-filter>
173-->[androidx.profileinstaller:profileinstaller:1.4.0] AndroidManifest.xml:46:13-48:29
174                <action android:name="androidx.profileinstaller.action.SAVE_PROFILE" />
174-->[androidx.profileinstaller:profileinstaller:1.4.0] AndroidManifest.xml:47:17-88
174-->[androidx.profileinstaller:profileinstaller:1.4.0] AndroidManifest.xml:47:25-85
175            </intent-filter>
176            <intent-filter>
176-->[androidx.profileinstaller:profileinstaller:1.4.0] AndroidManifest.xml:49:13-51:29
177                <action android:name="androidx.profileinstaller.action.BENCHMARK_OPERATION" />
177-->[androidx.profileinstaller:profileinstaller:1.4.0] AndroidManifest.xml:50:17-95
177-->[androidx.profileinstaller:profileinstaller:1.4.0] AndroidManifest.xml:50:25-92
178            </intent-filter>
179        </receiver>
180
181        <meta-data
181-->[com.google.android.gms:play-services-basement:18.4.0] AndroidManifest.xml:6:9-122
182            android:name="com.google.android.gms.version"
182-->[com.google.android.gms:play-services-basement:18.4.0] AndroidManifest.xml:6:20-65
183            android:value="@integer/google_play_services_version" /> <!-- The activities will be merged into the manifest of the hosting app. -->
183-->[com.google.android.gms:play-services-basement:18.4.0] AndroidManifest.xml:6:66-119
184        <activity
184-->[com.google.android.play:core-common:2.0.3] AndroidManifest.xml:14:9-18:65
185            android:name="com.google.android.play.core.common.PlayCoreDialogWrapperActivity"
185-->[com.google.android.play:core-common:2.0.3] AndroidManifest.xml:15:13-93
186            android:exported="false"
186-->[com.google.android.play:core-common:2.0.3] AndroidManifest.xml:16:13-37
187            android:stateNotNeeded="true"
187-->[com.google.android.play:core-common:2.0.3] AndroidManifest.xml:17:13-42
188            android:theme="@style/Theme.PlayCore.Transparent" />
188-->[com.google.android.play:core-common:2.0.3] AndroidManifest.xml:18:13-62
189    </application>
190
191</manifest>